0 info it worked if it ends with ok
1 verbose cli [ '/usr/local/bin/node',
1 verbose cli   '/usr/local/lib/node_modules/npm/bin/npm-cli.js',
1 verbose cli   'run-script',
1 verbose cli   'prod' ]
2 info using npm@3.10.8
3 info using node@v6.9.1
4 verbose run-script [ 'preprod', 'prod', 'postprod' ]
5 info lifecycle @~preprod: @
6 silly lifecycle @~preprod: no script for preprod, continuing
7 info lifecycle @~prod: @
8 verbose lifecycle @~prod: unsafe-perm in lifecycle true
9 verbose lifecycle @~prod: PATH: /usr/local/lib/node_modules/npm/bin/node-gyp-bin:/Users/maxrisk/Code/laravel/node_modules/.bin:/usr/local/bin:/usr/bin:/bin:/usr/sbin:/sbin
10 verbose lifecycle @~prod: CWD: /Users/maxrisk/Code/laravel
11 silly lifecycle @~prod: Args: [ '-c', 'gulp --production' ]
12 info lifecycle @~prod: Failed to exec prod script
13 verbose stack Error: @ prod: `gulp --production`
13 verbose stack spawn ENOENT
13 verbose stack     at ChildProcess.<anonymous> (/usr/local/lib/node_modules/npm/lib/utils/spawn.js:33:16)
13 verbose stack     at emitTwo (events.js:106:13)
13 verbose stack     at ChildProcess.emit (events.js:191:7)
13 verbose stack     at maybeClose (internal/child_process.js:877:16)
13 verbose stack     at Process.ChildProcess._handle.onexit (internal/child_process.js:226:5)
14 verbose pkgid @
15 verbose cwd /Users/maxrisk/Code/laravel
16 error Darwin 16.1.0
17 error argv "/usr/local/bin/node" "/usr/local/lib/node_modules/npm/bin/npm-cli.js" "run-script" "prod"
18 error node v6.9.1
19 error npm  v3.10.8
20 error file sh
21 error code ELIFECYCLE
22 error errno ENOENT
23 error syscall spawn
24 error @ prod: `gulp --production`
24 error spawn ENOENT
25 error Failed at the @ prod script 'gulp --production'.
25 error Make sure you have the latest version of node.js and npm installed.
25 error If you do, this is most likely a problem with the  package,
25 error not with npm itself.
25 error Tell the author that this fails on your system:
25 error     gulp --production
25 error You can get information on how to open an issue for this project with:
25 error     npm bugs
25 error Or if that isn't available, you can get their info via:
25 error     npm owner ls
25 error There is likely additional logging output above.
26 verbose exit [ 1, true ]
